#
# There is insufficient memory for the Java Runtime Environment to continue.
# Native memory allocation (mmap) failed to map 33554432 bytes for G1 virtual space
# Possible reasons:
#   The system is out of physical RAM or swap space
#   The process is running with CompressedOops enabled, and the Java Heap may be blocking the growth of the native heap
# Possible solutions:
#   Reduce memory load on the system
#   Increase physical memory or swap space
#   Check if swap backing store is full
#   Decrease Java heap size (-Xmx/-Xms)
#   Decrease number of Java threads
#   Decrease Java thread stack sizes (-Xss)
#   Set larger code cache with -XX:ReservedCodeCacheSize=
#   JVM is running with Unscaled Compressed Oops mode in which the Java heap is
#     placed in the first 4GB address space. The Java Heap base address is the
#     maximum limit for the native heap growth. Please use -XX:HeapBaseMinAddress
#     to set the Java Heap base and to place the Java Heap above 4GB virtual address.
# This output file may be truncated or incomplete.
#
#  Out of Memory Error (os_windows.cpp:3530), pid=10428, tid=10508
#
# JRE version:  (18.0+36) (build )
# Java VM: Java HotSpot(TM) 64-Bit Server VM (18+36-2087, mixed mode, sharing, tiered, compressed oops, compressed class ptrs, g1 gc, windows-amd64)
# No core dump will be written. Minidumps are not enabled by default on client versions of Windows
#

---------------  S U M M A R Y ------------

Command Line: -Dfile.encoding=UTF-8 -XX:+ShowCodeDetailsInExceptionMessages GuessNumber

Host: Intel(R) Core(TM) i3-3110M CPU @ 2.40GHz, 4 cores, 1G,  Windows 10 , 64 bit Build 19041 (10.0.19041.1806)
Time: Thu Aug  4 15:14:37 2022 India Standard Time elapsed time: 0.323532 seconds (0d 0h 0m 0s)

---------------  T H R E A D  ---------------

Current thread (0x0000013fa336ff70):  JavaThread "Unknown thread" [_thread_in_vm, id=10508, stack(0x00000022fbe00000,0x00000022fbf00000)]

Stack: [0x00000022fbe00000,0x00000022fbf00000]
Native frames: (J=compiled Java code, j=interpreted, Vv=VM code, C=native code)
V  [jvm.dll+0x69804a]
V  [jvm.dll+0x7f308d]
V  [jvm.dll+0x7f499e]
V  [jvm.dll+0x7f5053]
V  [jvm.dll+0x25ca3f]
V  [jvm.dll+0x694f99]
V  [jvm.dll+0x689aca]
V  [jvm.dll+0x321efb]
V  [jvm.dll+0x3298d6]
V  [jvm.dll+0x37e47e]
V  [jvm.dll+0x37e6af]
V  [jvm.dll+0x2f9c7a]
V  [jvm.dll+0x2facdd]
V  [jvm.dll+0x7c1cc0]
V  [jvm.dll+0x38b801]
V  [jvm.dll+0x7a09d3]
V  [jvm.dll+0x40d6bf]
V  [jvm.dll+0x40f091]
C  [jli.dll+0x526b]
C  [ucrtbase.dll+0x21bb2]
C  [KERNEL32.DLL+0x17034]
C  [ntdll.dll+0x52651]


---------------  P R O C E S S  ---------------

Threads class SMR info:
_java_thread_list=0x00007ffb7876e550, length=0, elements={
}

Java Threads: ( => current thread )

Other Threads:
  0x0000013fa33a0940 WorkerThread "GC Thread#0" [stack: 0x00000022fbf00000,0x00000022fc000000] [id=10664]
  0x0000013fa33acdd0 ConcurrentGCThread "G1 Main Marker" [stack: 0x00000022fc000000,0x00000022fc100000] [id=10668]
  0x0000013fa33ae7d0 WorkerThread "G1 Conc#0" [stack: 0x00000022fc100000,0x00000022fc200000] [id=10672]

[error occurred during error reporting (printing all threads), id 0xc0000005, EXCEPTION_ACCESS_VIOLATION (0xc0000005) at pc=0x00007ffb77f9a217]

VM state: not at safepoint (not fully initialized)

VM Mutex/Monitor currently owned by a thread:  ([mutex/lock_event])
[0x0000013fa336c4d0] Heap_lock - owner thread: 0x0000013fa336ff70

Heap address: 0x00000000e1800000, size: 488 MB, Compressed Oops mode: 32-bit

CDS archive(s) mapped at: [0x0000000000000000-0x0000000000000000-0x0000000000000000), size 0, SharedBaseAddress: 0x0000000800000000, ArchiveRelocationMode: 0.
Narrow klass base: 0x0000000000000000, Narrow klass shift: 0, Narrow klass range: 0x0

GC Precious Log:
 CardTable entry size: 512
 Card Set container configuration: InlinePtr #cards 5 size 8 Array Of Cards #cards 12 size 40 Howl #buckets 4 coarsen threshold 1843 Howl Bitmap #cards 512 size 80 coarsen threshold 460 Card regions per heap region 1 cards per card region 2048

Heap:
 garbage-first heap   total 0K, used 0K [0x00000000e1800000, 0x0000000100000000)
  region size 1024K, 0 young (0K), 0 survivors (0K)

[error occurred during error reporting (printing heap information), id 0xc0000005, EXCEPTION_ACCESS_VIOLATION (0xc0000005) at pc=0x00007ffb78380489]

GC Heap History (0 events):
No events

Deoptimization events (0 events):
No events

Classes loaded (0 events):
No events

Classes unloaded (0 events):
No events

Classes redefined (0 events):
No events

Internal exceptions (0 events):
No events

VM Operations (0 events):
No events

Events (1 events):
Event: 0.137 Loaded shared library C:\Program Files\Java\jdk-18\bin\java.dll


Dynamic libraries:
0x00007ff78a0c0000 - 0x00007ff78a0d0000 	C:\Program Files\Java\jdk-18\bin\javaw.exe
0x00007ffbaf2b0000 - 0x00007ffbaf4a8000 	C:\WINDOWS\SYSTEM32\ntdll.dll
0x00007ffbad5d0000 - 0x00007ffbad68d000 	C:\WINDOWS\System32\KERNEL32.DLL
0x00007ffbace30000 - 0x00007ffbad0fe000 	C:\WINDOWS\System32\KERNELBASE.dll
0x00007ffbac9d0000 - 0x00007ffbacad0000 	C:\WINDOWS\System32\ucrtbase.dll
0x00007ffb7d1e0000 - 0x00007ffb7d1f8000 	C:\Program Files\Java\jdk-18\bin\jli.dll
0x00007ffbad3c0000 - 0x00007ffbad46e000 	C:\WINDOWS\System32\ADVAPI32.dll
0x00007ffbaef90000 - 0x00007ffbaf02e000 	C:\WINDOWS\System32\msvcrt.dll
0x00007ffbaedb0000 - 0x00007ffbaee4c000 	C:\WINDOWS\System32\sechost.dll
0x00007ffbae4e0000 - 0x00007ffbae605000 	C:\WINDOWS\System32\RPCRT4.dll
0x00007ffbae850000 - 0x00007ffbae9f0000 	C:\WINDOWS\System32\USER32.dll
0x00007ffbacad0000 - 0x00007ffbacaf2000 	C:\WINDOWS\System32\win32u.dll
0x00007ffbaf090000 - 0x00007ffbaf0ba000 	C:\WINDOWS\System32\GDI32.dll
0x00007ffb93fb0000 - 0x00007ffb9424a000 	C:\WINDOWS\WinSxS\amd64_microsoft.windows.common-controls_6595b64144ccf1df_6.0.19041.1110_none_60b5254171f9507e\COMCTL32.dll
0x00007ffbacc10000 - 0x00007ffbacd1b000 	C:\WINDOWS\System32\gdi32full.dll
0x00007ffbacb70000 - 0x00007ffbacc0d000 	C:\WINDOWS\System32\msvcp_win.dll
0x00007ffb9d420000 - 0x00007ffb9d42a000 	C:\WINDOWS\SYSTEM32\VERSION.dll
0x00007ffb7d200000 - 0x00007ffb7d21a000 	C:\Program Files\Java\jdk-18\bin\VCRUNTIME140.dll
0x00007ffbae6a0000 - 0x00007ffbae6d0000 	C:\WINDOWS\System32\IMM32.DLL
0x00007ffba67f0000 - 0x00007ffba67fc000 	C:\Program Files\Java\jdk-18\bin\vcruntime140_1.dll
0x00007ffb7d150000 - 0x00007ffb7d1dd000 	C:\Program Files\Java\jdk-18\bin\msvcp140.dll
0x00007ffb77c90000 - 0x00007ffb788a1000 	C:\Program Files\Java\jdk-18\bin\server\jvm.dll
0x00007ffbaef80000 - 0x00007ffbaef88000 	C:\WINDOWS\System32\PSAPI.DLL
0x00007ffb9b6b0000 - 0x00007ffb9b6b9000 	C:\WINDOWS\SYSTEM32\WSOCK32.dll
0x00007ffb8b1b0000 - 0x00007ffb8b1d7000 	C:\WINDOWS\SYSTEM32\WINMM.dll
0x00007ffbaee50000 - 0x00007ffbaeebb000 	C:\WINDOWS\System32\WS2_32.dll
0x00007ffbaa8d0000 - 0x00007ffbaa8e2000 	C:\WINDOWS\SYSTEM32\kernel.appcore.dll
0x00007ffba32c0000 - 0x00007ffba32ca000 	C:\Program Files\Java\jdk-18\bin\jimage.dll
0x00007ffb9ab20000 - 0x00007ffb9ad04000 	C:\WINDOWS\SYSTEM32\DBGHELP.DLL
0x00007ffb9aaf0000 - 0x00007ffb9ab1c000 	C:\WINDOWS\SYSTEM32\dbgcore.DLL
0x00007ffbacda0000 - 0x00007ffbace22000 	C:\WINDOWS\System32\bcryptPrimitives.dll
0x00007ffb7b340000 - 0x00007ffb7b365000 	C:\Program Files\Java\jdk-18\bin\java.dll

dbghelp: loaded successfully - version: 4.0.5 - missing functions: none
symbol engine: initialized successfully - sym options: 0x614 - pdb path: .;C:\Program Files\Java\jdk-18\bin;C:\WINDOWS\SYSTEM32;C:\WINDOWS\WinSxS\amd64_microsoft.windows.common-controls_6595b64144ccf1df_6.0.19041.1110_none_60b5254171f9507e;C:\Program Files\Java\jdk-18\bin\server

VM Arguments:
jvm_args: -Dfile.encoding=UTF-8 -XX:+ShowCodeDetailsInExceptionMessages 
java_command: GuessNumber
java_class_path (initial): C:\Users\Owner\Desktop\java112\Study\bin
Launcher Type: SUN_STANDARD

[Global flags]
     intx CICompilerCount                          = 3                                         {product} {ergonomic}
     uint ConcGCThreads                            = 1                                         {product} {ergonomic}
     uint G1ConcRefinementThreads                  = 4                                         {product} {ergonomic}
   size_t G1HeapRegionSize                         = 1048576                                   {product} {ergonomic}
    uintx GCDrainStackTargetSize                   = 64                                        {product} {ergonomic}
   size_t InitialHeapSize                          = 33554432                                  {product} {ergonomic}
   size_t MarkStackSize                            = 4194304                                   {product} {ergonomic}
   size_t MaxHeapSize                              = 511705088                                 {product} {ergonomic}
   size_t MinHeapDeltaBytes                        = 1048576                                   {product} {ergonomic}
   size_t MinHeapSize                              = 8388608                                   {product} {ergonomic}
    uintx NonNMethodCodeHeapSize                   = 5832780                                {pd product} {ergonomic}
    uintx NonProfiledCodeHeapSize                  = 122912730                              {pd product} {ergonomic}
    uintx ProfiledCodeHeapSize                     = 122912730                              {pd product} {ergonomic}
    uintx ReservedCodeCacheSize                    = 251658240                              {pd product} {ergonomic}
     bool SegmentedCodeCache                       = true                                      {product} {ergonomic}
     bool ShowCodeDetailsInExceptionMessages       = true                                   {manageable} {command line}
   size_t SoftMaxHeapSize                          = 511705088                              {manageable} {ergonomic}
     bool UseCompressedClassPointers               = true                           {product lp64_product} {ergonomic}
     bool UseCompressedOops                        = true                           {product lp64_product} {ergonomic}
     bool UseG1GC                                  = true                                      {product} {ergonomic}
     bool UseLargePagesIndividualAllocation        = false                                  {pd product} {ergonomic}

Logging:
Log output configuration:
 #0: stdout all=warning uptime,level,tags foldmultilines=false
 #1: stderr all=off uptime,level,tags foldmultilines=false

Environment Variables:
JAVA_HOME=C:\Program Files\Java\jdk-18\bin
CLASSPATH=C:\Users\Owner\Desktop\mysql-connector.jar
PATH=C:\Program Files\Common Files\Oracle\Java\javapath;E:\oracle\product\10.2.0\db_1\bin;C:\app\Owner\product\21c\dbhomeXE\bin;C:\MinGW\bin;C:\WINDOWS\system32;C:\WINDOWS;C:\WINDOWS\System32\Wbem;C:\WINDOWS\System32\WindowsPowerShell\v1.0\;C:\WINDOWS\System32\OpenSSH\;C:\Users\Owner\AppData\Local\Programs\Python\Python38\Scripts\;C:\Users\Owner\AppData\Local\Programs\Python\Python38\;C:\Users\Owner\AppData\Local\Microsoft\WindowsApps;C:\Users\Owner\AppData\Local\Programs\Microsoft VS Code\bin;C:\Users\Owner\AppData\Roaming\npm;C:\Users\Owner\AppData\Local\hyper\app-3.0.2\resources\bin;C:\adb;C:\Users\Owner\AppData\Roaming\nvm;C:\Program Files\nodejs;C:\Users\Owner\anaconda3\Scripts;C:\Users\Owner\anaconda3\Library\bin;C:\WINDOWS\system32;C:\WINDOWS;C:\WINDOWS\System32\Wbem;C:\WINDOWS\System32\WindowsPowerShell\v1.0\;C:\WINDOWS\System32\OpenSSH\;C:\Program Files\Java\jdk-18\bin;C:\Program Files\Java\jdk-18\bin\bin;C:\Program Files\Java\jdk-17.0.2\bin;C:\Program Files\Git\cmd;C:\Program Files\Apache Software Foundation\Tomcat 9.0\bin\tomcat-native-1.2.32-win32-src\native\srclib\openssl;C:\Program Files\Apache Software Foundation\Tomcat 9.0\bin\tomcat-native-1.2.32-win32-src\native\srclib\apr;C:\Program Files\MySQL\MySQL Shell 8.0\bin\;C:\Users\Owner\AppData\Local\Microsoft\WindowsApps;C:\Users\Owner\AppData\Local\hyper\app-3.0.2\resources\bin;C:\Users\Owner\AppData\Local\Programs\Microsoft VS Code\bin;C:\Users\Owner\AppData\Roaming\nvm;C:\Program Files\nodejs;
USERNAME=Owner
OS=Windows_NT
PROCESSOR_IDENTIFIER=Intel64 Family 6 Model 58 Stepping 9, GenuineIntel



---------------  S Y S T E M  ---------------

OS:
 Windows 10 , 64 bit Build 19041 (10.0.19041.1806)
OS uptime: 0 days 4:15 hours

CPU: total 4 (initial active 4) (2 cores per cpu, 2 threads per core) family 6 model 58 stepping 9 microcode 0x21, cx8, cmov, fxsr, ht, mmx, sse, sse2, sse3, ssse3, sse4.1, sse4.2, popcnt, tsc, tscinvbit, avx, erms, clmul, vzeroupper, clflush

Memory: 4k page, system-wide physical 1946M (174M free)
TotalPageFile size 7811M (AvailPageFile size 13M)
current process WorkingSet (physical memory assigned to process): 10M, peak: 10M
current process commit charge ("private bytes"): 51M, peak: 83M

vm_info: Java HotSpot(TM) 64-Bit Server VM (18+36-2087) for windows-amd64 JRE (18+36-2087), built on Feb 15 2022 09:43:11 by "mach5one" with MS VC++ 16.8 / 16.9 (VS2019)

END.
